2025-12-06 19:09:38 [background-preinit] INFO  o.h.validator.internal.util.Version - HV000001: Hibernate Validator 8.0.1.Final
2025-12-06 19:09:38 [restartedMain] INFO  org.example.dbs.DbsApplication - Starting DbsApplication using Java 17.0.12 with PID 18848 (C:\Users\Asus\Downloads\linkedin-project\Cloud_activity-1-main\Cloud_activity-1-main\target\classes started by Asus in C:\Users\Asus\Downloads\linkedin-project\Cloud_activity-1-main\Cloud_activity-1-main)
2025-12-06 19:09:38 [restartedMain] INFO  org.example.dbs.DbsApplication - No active profile set, falling back to 1 default profile: "default"
2025-12-06 19:09:38 [restartedMain] INFO  o.s.b.d.e.DevToolsPropertyDefaultsPostProcessor - Devtools property defaults active! Set 'spring.devtools.add-properties' to 'false' to disable
2025-12-06 19:09:38 [restartedMain] INFO  o.s.b.d.e.DevToolsPropertyDefaultsPostProcessor - For additional web related logging consider setting the 'logging.level.web' property to 'DEBUG'
2025-12-06 19:09:39 [restartedMain] INFO  o.s.d.r.c.RepositoryConfigurationDelegate - Bootstrapping Spring Data JPA repositories in DEFAULT mode.
2025-12-06 19:09:39 [restartedMain] INFO  o.s.d.r.c.RepositoryConfigurationDelegate - Finished Spring Data repository scanning in 150 ms. Found 2 JPA repository interfaces.
2025-12-06 19:09:40 [restartedMain] INFO  o.s.b.w.e.tomcat.TomcatWebServer - Tomcat initialized with port 8080 (http)
2025-12-06 19:09:40 [restartedMain] INFO  o.a.coyote.http11.Http11NioProtocol - Initializing ProtocolHandler ["http-nio-8080"]
2025-12-06 19:09:40 [restartedMain] INFO  o.a.catalina.core.StandardService - Starting service [Tomcat]
2025-12-06 19:09:40 [restartedMain] INFO  o.a.catalina.core.StandardEngine - Starting Servlet engine: [Apache Tomcat/10.1.16]
2025-12-06 19:09:40 [restartedMain] INFO  o.a.c.c.C.[Tomcat].[localhost].[/] - Initializing Spring embedded WebApplicationContext
2025-12-06 19:09:40 [restartedMain] INFO  o.s.b.w.s.c.ServletWebServerApplicationContext - Root WebApplicationContext: initialization completed in 2351 ms
2025-12-06 19:09:40 [restartedMain] INFO  o.h.jpa.internal.util.LogHelper - HHH000204: Processing PersistenceUnitInfo [name: default]
2025-12-06 19:09:40 [restartedMain] INFO  org.hibernate.Version - HHH000412: Hibernate ORM core version 6.3.1.Final
2025-12-06 19:09:40 [restartedMain] INFO  o.h.c.i.RegionFactoryInitiator - HHH000026: Second-level cache disabled
2025-12-06 19:09:41 [restartedMain] INFO  o.s.o.j.p.SpringPersistenceUnitInfo - No LoadTimeWeaver setup: ignoring JPA class transformer
2025-12-06 19:09:41 [restartedMain] INFO  com.zaxxer.hikari.HikariDataSource - HikariPool-1 - Starting...
2025-12-06 19:09:41 [restartedMain] INFO  com.zaxxer.hikari.pool.HikariPool - HikariPool-1 - Added connection com.mysql.cj.jdbc.ConnectionImpl@28a27213
2025-12-06 19:09:41 [restartedMain] INFO  com.zaxxer.hikari.HikariDataSource - HikariPool-1 - Start completed.
2025-12-06 19:09:41 [restartedMain] WARN  org.hibernate.orm.deprecation - HHH90000025: MySQLDialect does not need to be specified explicitly using 'hibernate.dialect' (remove the property setting and it will be selected by default)
2025-12-06 19:09:42 [restartedMain] INFO  o.h.e.t.j.p.i.JtaPlatformInitiator - HHH000489: No JTA platform available (set 'hibernate.transaction.jta.platform' to enable JTA platform integration)
2025-12-06 19:09:42 [restartedMain] INFO  o.s.o.j.LocalContainerEntityManagerFactoryBean - Initialized JPA EntityManagerFactory for persistence unit 'default'
2025-12-06 19:09:42 [restartedMain] WARN  o.s.b.a.o.j.JpaBaseConfiguration$JpaWebConfiguration - spring.jpa.open-in-view is enabled by default. Therefore, database queries may be performed during view rendering. Explicitly configure spring.jpa.open-in-view to disable this warning
2025-12-06 19:09:42 [restartedMain] INFO  o.s.b.a.w.s.WelcomePageHandlerMapping - Adding welcome page template: index
2025-12-06 19:09:43 [restartedMain] INFO  o.s.b.d.a.OptionalLiveReloadServer - LiveReload server is running on port 35729
2025-12-06 19:09:43 [restartedMain] INFO  o.a.coyote.http11.Http11NioProtocol - Starting ProtocolHandler ["http-nio-8080"]
2025-12-06 19:09:43 [restartedMain] INFO  o.s.b.w.e.tomcat.TomcatWebServer - Tomcat started on port 8080 (http) with context path ''
2025-12-06 19:09:43 [restartedMain] INFO  org.example.dbs.DbsApplication - Started DbsApplication in 5.963 seconds (process running for 6.567)
2025-12-06 19:10:08 [http-nio-8080-exec-1] INFO  o.a.c.c.C.[Tomcat].[localhost].[/] - Initializing Spring DispatcherServlet 'dispatcherServlet'
2025-12-06 19:10:08 [http-nio-8080-exec-1] INFO  o.s.web.servlet.DispatcherServlet - Initializing Servlet 'dispatcherServlet'
2025-12-06 19:10:08 [http-nio-8080-exec-1] INFO  o.s.web.servlet.DispatcherServlet - Completed initialization in 2 ms
2025-12-06 19:10:08 [http-nio-8080-exec-1] INFO  org.example.dbs.service.UserService - Fetching all users
2025-12-06 19:10:08 [http-nio-8080-exec-1] DEBUG org.hibernate.SQL - 
    select
        u1_0.id,
        u1_0.email,
        u1_0.first_name,
        u1_0.last_name 
    from
        users u1_0
2025-12-06 19:10:36 [http-nio-8080-exec-6] INFO  org.example.dbs.service.UserService - Fetching all users
2025-12-06 19:10:36 [http-nio-8080-exec-6] DEBUG org.hibernate.SQL - 
    select
        u1_0.id,
        u1_0.email,
        u1_0.first_name,
        u1_0.last_name 
    from
        users u1_0
2025-12-06 19:11:06 [http-nio-8080-exec-5] INFO  org.example.dbs.service.UserService - Fetching all users
2025-12-06 19:11:06 [http-nio-8080-exec-5] DEBUG org.hibernate.SQL - 
    select
        u1_0.id,
        u1_0.email,
        u1_0.first_name,
        u1_0.last_name 
    from
        users u1_0
2025-12-06 19:11:46 [http-nio-8080-exec-2] INFO  org.example.dbs.service.UserService - Fetching all users
2025-12-06 19:11:46 [http-nio-8080-exec-2] DEBUG org.hibernate.SQL - 
    select
        u1_0.id,
        u1_0.email,
        u1_0.first_name,
        u1_0.last_name 
    from
        users u1_0
2025-12-06 19:12:13 [http-nio-8080-exec-4] INFO  o.example.dbs.service.CourseService - Fetching all courses
2025-12-06 19:12:14 [http-nio-8080-exec-4] DEBUG org.hibernate.SQL - 
    select
        c1_0.id,
        c1_0.course_code,
        c1_0.course_name,
        c1_0.credits,
        c1_0.instructor 
    from
        courses c1_0
2025-12-06 19:12:19 [http-nio-8080-exec-8] INFO  o.example.dbs.service.CourseService - Fetching all courses
2025-12-06 19:12:19 [http-nio-8080-exec-8] DEBUG org.hibernate.SQL - 
    select
        c1_0.id,
        c1_0.course_code,
        c1_0.course_name,
        c1_0.credits,
        c1_0.instructor 
    from
        courses c1_0
2025-12-06 19:12:19 [http-nio-8080-exec-8] INFO  org.example.dbs.service.UserService - Fetching all users
2025-12-06 19:12:19 [http-nio-8080-exec-8] DEBUG org.hibernate.SQL - 
    select
        u1_0.id,
        u1_0.email,
        u1_0.first_name,
        u1_0.last_name 
    from
        users u1_0
2025-12-06 19:14:22 [http-nio-8080-exec-5] INFO  o.example.dbs.service.CourseService - Fetching all courses
2025-12-06 19:14:22 [http-nio-8080-exec-5] DEBUG org.hibernate.SQL - 
    select
        c1_0.id,
        c1_0.course_code,
        c1_0.course_name,
        c1_0.credits,
        c1_0.instructor 
    from
        courses c1_0
2025-12-06 19:14:33 [http-nio-8080-exec-9] INFO  org.example.dbs.service.UserService - Fetching all users
2025-12-06 19:14:33 [http-nio-8080-exec-9] DEBUG org.hibernate.SQL - 
    select
        u1_0.id,
        u1_0.email,
        u1_0.first_name,
        u1_0.last_name 
    from
        users u1_0
2025-12-06 20:06:54 [HikariPool-1 housekeeper] WARN  com.zaxxer.hikari.pool.HikariPool - HikariPool-1 - Thread starvation or clock leap detected (housekeeper delta=52m12s244ms658µs300ns).
2025-12-06 20:22:37 [http-nio-8080-exec-3] INFO  org.example.dbs.service.UserService - Saving user: john@106.com
2025-12-06 20:22:37 [http-nio-8080-exec-3] DEBUG org.hibernate.SQL - 
    insert 
    into
        users
        (email, first_name, last_name) 
    values
        (?, ?, ?)
2025-12-06 20:22:37 [http-nio-8080-exec-3] INFO  org.example.dbs.service.UserService - User saved successfully with id: 7
2025-12-06 20:22:37 [http-nio-8080-exec-6] INFO  org.example.dbs.service.UserService - Fetching all users
2025-12-06 20:22:37 [http-nio-8080-exec-6] DEBUG org.hibernate.SQL - 
    select
        u1_0.id,
        u1_0.email,
        u1_0.first_name,
        u1_0.last_name 
    from
        users u1_0
2025-12-06 20:22:45 [http-nio-8080-exec-5] INFO  org.example.dbs.service.UserService - Deleting user with id: 1
2025-12-06 20:22:45 [http-nio-8080-exec-5] DEBUG org.hibernate.SQL - 
    select
        u1_0.id,
        u1_0.email,
        u1_0.first_name,
        u1_0.last_name 
    from
        users u1_0 
    where
        u1_0.id=?
2025-12-06 20:22:45 [http-nio-8080-exec-5] DEBUG org.hibernate.SQL - 
    delete 
    from
        users 
    where
        id=?
2025-12-06 20:22:45 [http-nio-8080-exec-5] INFO  org.example.dbs.service.UserService - User deleted successfully with id: 1
2025-12-06 20:22:45 [http-nio-8080-exec-7] INFO  org.example.dbs.service.UserService - Fetching all users
2025-12-06 20:22:45 [http-nio-8080-exec-7] DEBUG org.hibernate.SQL - 
    select
        u1_0.id,
        u1_0.email,
        u1_0.first_name,
        u1_0.last_name 
    from
        users u1_0
2025-12-06 20:31:13 [http-nio-8080-exec-10] INFO  o.example.dbs.service.CourseService - Fetching all courses
2025-12-06 20:31:13 [http-nio-8080-exec-10] DEBUG org.hibernate.SQL - 
    select
        c1_0.id,
        c1_0.course_code,
        c1_0.course_name,
        c1_0.credits,
        c1_0.instructor 
    from
        courses c1_0
2025-12-06 20:31:17 [http-nio-8080-exec-1] INFO  org.example.dbs.service.UserService - Fetching all users
2025-12-06 20:31:17 [http-nio-8080-exec-1] DEBUG org.hibernate.SQL - 
    select
        u1_0.id,
        u1_0.email,
        u1_0.first_name,
        u1_0.last_name 
    from
        users u1_0
2025-12-06 20:31:19 [http-nio-8080-exec-4] INFO  o.example.dbs.service.CourseService - Fetching all courses
2025-12-06 20:31:19 [http-nio-8080-exec-4] DEBUG org.hibernate.SQL - 
    select
        c1_0.id,
        c1_0.course_code,
        c1_0.course_name,
        c1_0.credits,
        c1_0.instructor 
    from
        courses c1_0
2025-12-06 20:36:06 [http-nio-8080-exec-5] INFO  org.example.dbs.service.UserService - Fetching all users
2025-12-06 20:36:06 [http-nio-8080-exec-5] DEBUG org.hibernate.SQL - 
    select
        u1_0.id,
        u1_0.email,
        u1_0.first_name,
        u1_0.last_name 
    from
        users u1_0
2025-12-06 20:43:46 [http-nio-8080-exec-4] INFO  org.example.dbs.service.UserService - Saving user: tahmas@mail.com
2025-12-06 20:43:46 [http-nio-8080-exec-4] DEBUG org.hibernate.SQL - 
    insert 
    into
        users
        (email, first_name, last_name) 
    values
        (?, ?, ?)
2025-12-06 20:43:46 [http-nio-8080-exec-4] INFO  org.example.dbs.service.UserService - User saved successfully with id: 8
2025-12-06 20:43:46 [http-nio-8080-exec-8] INFO  org.example.dbs.service.UserService - Fetching all users
2025-12-06 20:43:46 [http-nio-8080-exec-8] DEBUG org.hibernate.SQL - 
    select
        u1_0.id,
        u1_0.email,
        u1_0.first_name,
        u1_0.last_name 
    from
        users u1_0
2025-12-06 20:44:48 [http-nio-8080-exec-5] INFO  org.example.dbs.service.UserService - Fetching all users
2025-12-06 20:44:48 [http-nio-8080-exec-5] DEBUG org.hibernate.SQL - 
    select
        u1_0.id,
        u1_0.email,
        u1_0.first_name,
        u1_0.last_name 
    from
        users u1_0
2025-12-06 20:46:44 [http-nio-8080-exec-10] INFO  o.example.dbs.service.CourseService - Fetching all courses
2025-12-06 20:46:44 [http-nio-8080-exec-10] DEBUG org.hibernate.SQL - 
    select
        c1_0.id,
        c1_0.course_code,
        c1_0.course_name,
        c1_0.credits,
        c1_0.instructor 
    from
        courses c1_0
2025-12-06 20:46:56 [http-nio-8080-exec-1] INFO  org.example.dbs.service.UserService - Fetching all users
2025-12-06 20:46:56 [http-nio-8080-exec-1] DEBUG org.hibernate.SQL - 
    select
        u1_0.id,
        u1_0.email,
        u1_0.first_name,
        u1_0.last_name 
    from
        users u1_0
2025-12-06 20:51:16 [http-nio-8080-exec-3] INFO  org.example.dbs.service.UserService - Saving user: doe@gmail.com
2025-12-06 20:51:16 [http-nio-8080-exec-3] DEBUG org.hibernate.SQL - 
    insert 
    into
        users
        (email, first_name, last_name) 
    values
        (?, ?, ?)
2025-12-06 20:51:16 [http-nio-8080-exec-3] INFO  org.example.dbs.service.UserService - User saved successfully with id: 9
2025-12-06 20:51:16 [http-nio-8080-exec-5] INFO  org.example.dbs.service.UserService - Fetching all users
2025-12-06 20:51:16 [http-nio-8080-exec-5] DEBUG org.hibernate.SQL - 
    select
        u1_0.id,
        u1_0.email,
        u1_0.first_name,
        u1_0.last_name 
    from
        users u1_0
2025-12-06 20:51:26 [http-nio-8080-exec-7] INFO  org.example.dbs.service.UserService - Deleting user with id: 2
2025-12-06 20:51:26 [http-nio-8080-exec-7] DEBUG org.hibernate.SQL - 
    select
        u1_0.id,
        u1_0.email,
        u1_0.first_name,
        u1_0.last_name 
    from
        users u1_0 
    where
        u1_0.id=?
2025-12-06 20:51:26 [http-nio-8080-exec-7] DEBUG org.hibernate.SQL - 
    delete 
    from
        users 
    where
        id=?
2025-12-06 20:51:26 [http-nio-8080-exec-7] INFO  org.example.dbs.service.UserService - User deleted successfully with id: 2
2025-12-06 20:51:26 [http-nio-8080-exec-2] INFO  org.example.dbs.service.UserService - Fetching all users
2025-12-06 20:51:26 [http-nio-8080-exec-2] DEBUG org.hibernate.SQL - 
    select
        u1_0.id,
        u1_0.email,
        u1_0.first_name,
        u1_0.last_name 
    from
        users u1_0
2025-12-06 20:51:31 [http-nio-8080-exec-9] INFO  org.example.dbs.service.UserService - Fetching user with id: 3
2025-12-06 20:51:31 [http-nio-8080-exec-9] DEBUG org.hibernate.SQL - 
    select
        u1_0.id,
        u1_0.email,
        u1_0.first_name,
        u1_0.last_name 
    from
        users u1_0 
    where
        u1_0.id=?
2025-12-06 20:51:49 [http-nio-8080-exec-10] INFO  org.example.dbs.service.UserService - Saving user: jane.smith@university.edu
2025-12-06 20:51:49 [http-nio-8080-exec-10] DEBUG org.hibernate.SQL - 
    select
        u1_0.id,
        u1_0.email,
        u1_0.first_name,
        u1_0.last_name 
    from
        users u1_0 
    where
        u1_0.id=?
2025-12-06 20:51:49 [http-nio-8080-exec-10] DEBUG org.hibernate.SQL - 
    update
        users 
    set
        email=?,
        first_name=?,
        last_name=? 
    where
        id=?
2025-12-06 20:51:49 [http-nio-8080-exec-10] INFO  org.example.dbs.service.UserService - User saved successfully with id: 3
2025-12-06 20:51:49 [http-nio-8080-exec-1] INFO  org.example.dbs.service.UserService - Fetching all users
2025-12-06 20:51:49 [http-nio-8080-exec-1] DEBUG org.hibernate.SQL - 
    select
        u1_0.id,
        u1_0.email,
        u1_0.first_name,
        u1_0.last_name 
    from
        users u1_0
2025-12-06 20:52:09 [http-nio-8080-exec-8] INFO  o.example.dbs.service.CourseService - Fetching all courses
2025-12-06 20:52:09 [http-nio-8080-exec-8] DEBUG org.hibernate.SQL - 
    select
        c1_0.id,
        c1_0.course_code,
        c1_0.course_name,
        c1_0.credits,
        c1_0.instructor 
    from
        courses c1_0
2025-12-06 20:52:57 [http-nio-8080-exec-3] INFO  o.example.dbs.service.CourseService - Saving course: dev
2025-12-06 20:52:57 [http-nio-8080-exec-3] DEBUG org.hibernate.SQL - 
    insert 
    into
        courses
        (course_code, course_name, credits, instructor) 
    values
        (?, ?, ?, ?)
2025-12-06 20:52:57 [http-nio-8080-exec-5] INFO  o.example.dbs.service.CourseService - Fetching all courses
2025-12-06 20:52:57 [http-nio-8080-exec-5] DEBUG org.hibernate.SQL - 
    select
        c1_0.id,
        c1_0.course_code,
        c1_0.course_name,
        c1_0.credits,
        c1_0.instructor 
    from
        courses c1_0
2025-12-06 20:53:06 [http-nio-8080-exec-7] INFO  o.example.dbs.service.CourseService - Fetching course with id: 6
2025-12-06 20:53:06 [http-nio-8080-exec-7] DEBUG org.hibernate.SQL - 
    select
        c1_0.id,
        c1_0.course_code,
        c1_0.course_name,
        c1_0.credits,
        c1_0.instructor 
    from
        courses c1_0 
    where
        c1_0.id=?
2025-12-06 20:53:25 [http-nio-8080-exec-9] INFO  o.example.dbs.service.CourseService - Saving course: CST - 401
2025-12-06 20:53:25 [http-nio-8080-exec-9] DEBUG org.hibernate.SQL - 
    select
        c1_0.id,
        c1_0.course_code,
        c1_0.course_name,
        c1_0.credits,
        c1_0.instructor 
    from
        courses c1_0 
    where
        c1_0.id=?
2025-12-06 20:53:25 [http-nio-8080-exec-9] DEBUG org.hibernate.SQL - 
    update
        courses 
    set
        course_code=?,
        course_name=?,
        credits=?,
        instructor=? 
    where
        id=?
2025-12-06 20:53:25 [http-nio-8080-exec-10] INFO  o.example.dbs.service.CourseService - Fetching all courses
2025-12-06 20:53:25 [http-nio-8080-exec-10] DEBUG org.hibernate.SQL - 
    select
        c1_0.id,
        c1_0.course_code,
        c1_0.course_name,
        c1_0.credits,
        c1_0.instructor 
    from
        courses c1_0
2025-12-06 20:53:33 [http-nio-8080-exec-1] INFO  o.example.dbs.service.CourseService - Fetching all courses
2025-12-06 20:53:33 [http-nio-8080-exec-1] DEBUG org.hibernate.SQL - 
    select
        c1_0.id,
        c1_0.course_code,
        c1_0.course_name,
        c1_0.credits,
        c1_0.instructor 
    from
        courses c1_0
2025-12-06 20:53:33 [http-nio-8080-exec-1] INFO  org.example.dbs.service.UserService - Fetching all users
2025-12-06 20:53:33 [http-nio-8080-exec-1] DEBUG org.hibernate.SQL - 
    select
        u1_0.id,
        u1_0.email,
        u1_0.first_name,
        u1_0.last_name 
    from
        users u1_0
2025-12-06 22:59:13 [http-nio-8080-exec-6] INFO  org.example.dbs.service.UserService - Fetching all users
2025-12-06 22:59:13 [http-nio-8080-exec-6] DEBUG org.hibernate.SQL - 
    select
        u1_0.id,
        u1_0.email,
        u1_0.first_name,
        u1_0.last_name 
    from
        users u1_0
2025-12-06 23:01:24 [http-nio-8080-exec-2] INFO  org.example.dbs.service.UserService - Fetching user with id: 3
2025-12-06 23:01:24 [http-nio-8080-exec-2] DEBUG org.hibernate.SQL - 
    select
        u1_0.id,
        u1_0.email,
        u1_0.first_name,
        u1_0.last_name 
    from
        users u1_0 
    where
        u1_0.id=?
2025-12-06 23:01:55 [http-nio-8080-exec-10] INFO  o.example.dbs.service.CourseService - Fetching all courses
2025-12-06 23:01:55 [http-nio-8080-exec-10] DEBUG org.hibernate.SQL - 
    select
        c1_0.id,
        c1_0.course_code,
        c1_0.course_name,
        c1_0.credits,
        c1_0.instructor 
    from
        courses c1_0
2025-12-06 23:02:56 [http-nio-8080-exec-8] INFO  o.example.dbs.service.CourseService - Fetching course with id: 1
2025-12-06 23:02:56 [http-nio-8080-exec-8] DEBUG org.hibernate.SQL - 
    select
        c1_0.id,
        c1_0.course_code,
        c1_0.course_name,
        c1_0.credits,
        c1_0.instructor 
    from
        courses c1_0 
    where
        c1_0.id=?
2025-12-06 23:03:21 [http-nio-8080-exec-6] INFO  o.example.dbs.service.CourseService - Fetching all courses
2025-12-06 23:03:21 [http-nio-8080-exec-6] DEBUG org.hibernate.SQL - 
    select
        c1_0.id,
        c1_0.course_code,
        c1_0.course_name,
        c1_0.credits,
        c1_0.instructor 
    from
        courses c1_0
2025-12-06 23:03:21 [http-nio-8080-exec-6] INFO  org.example.dbs.service.UserService - Fetching all users
2025-12-06 23:03:21 [http-nio-8080-exec-6] DEBUG org.hibernate.SQL - 
    select
        u1_0.id,
        u1_0.email,
        u1_0.first_name,
        u1_0.last_name 
    from
        users u1_0
